Using pre-set license
Built from '2020.3/release' branch; Version is '2020.3.7f1 (dd97f2c94397) revision 14522354'; Using compiler version '192528614'; Build Type 'Release'
OS: 'Windows 10 Home; OS build 19042.985; Version 2009; 64bit' Language: 'en' Physical Memory: 16310 MB
BatchMode: 1, IsHumanControllingUs: 0, StartBugReporterOnCrash: 0, Is64bit: 1, IsPro: 0

 COMMAND LINE ARGUMENTS:
C:\Program Files\Unity\Hub\Editor\2020.3.7f1\Editor\Unity.exe
-adb2
-batchMode
-noUpm
-name
AssetImportWorker0
-projectPath
C:/Users/jiexi/Icarus
-logFile
Logs/AssetImportWorker0.log
-srvPort
51098
Successfully changed project path to: C:/Users/jiexi/Icarus
C:/Users/jiexi/Icarus
Using Asset Import Pipeline V2.
Refreshing native plugins compatible for Editor in 42.48 ms, found 1 plugins.
Preloading 0 native plugins for Editor in 0.00 ms.
Initialize engine version: 2020.3.7f1 (dd97f2c94397)
[Subsystems] Discovering subsystems at path C:/Program Files/Unity/Hub/Editor/2020.3.7f1/Editor/Data/Resources/UnitySubsystems
[Subsystems] Discovering subsystems at path C:/Users/jiexi/Icarus/Assets
GfxDevice: creating device client; threaded=0
Direct3D:
    Version:  Direct3D 11.0 [level 11.1]
    Renderer: AMD Radeon RX 5700 XT (ID=0x731f)
    Vendor:   
    VRAM:     8151 MB
    Driver:   27.20.21002.112
Shader 'Universal Render Pipeline/Particles/Lit': fallback shader 'Universal Render Pipeline/Particles/SimpleLit' not found
Initialize mono
Mono path[0] = 'C:/Program Files/Unity/Hub/Editor/2020.3.7f1/Editor/Data/Managed'
Mono path[1] = 'C:/Program Files/Unity/Hub/Editor/2020.3.7f1/Editor/Data/MonoBleedingEdge/lib/mono/unityjit'
Mono config path = 'C:/Program Files/Unity/Hub/Editor/2020.3.7f1/Editor/Data/MonoBleedingEdge/etc'
Using monoOptions --debugger-agent=transport=dt_socket,embedding=1,server=y,suspend=n,address=127.0.0.1:56720
Begin MonoManager ReloadAssembly
Registering precompiled unity dll's ...
Register platform support module: C:/Program Files/Unity/Hub/Editor/2020.3.7f1/Editor/Data/PlaybackEngines/WindowsStandaloneSupport/UnityEditor.WindowsStandalone.Extensions.dll
Registered in 0.001317 seconds.
Native extension for WindowsStandalone target not found
Refreshing native plugins compatible for Editor in 41.62 ms, found 1 plugins.
Preloading 0 native plugins for Editor in 0.00 ms.
Mono: successfully reloaded assembly
- Completed reload, in  0.725 seconds
Platform modules already initialized, skipping
Registering precompiled user dll's ...
Registered in 0.001159 seconds.
Begin MonoManager ReloadAssembly
Native extension for WindowsStandalone target not found
Refreshing native plugins compatible for Editor in 47.05 ms, found 1 plugins.
Preloading 0 native plugins for Editor in 0.00 ms.
Mono: successfully reloaded assembly
- Completed reload, in  0.766 seconds
Platform modules already initialized, skipping
========================================================================
Worker process is ready to serve import requests
Shader 'Universal Render Pipeline/Particles/Lit': fallback shader 'Universal Render Pipeline/Particles/SimpleLit' not found
Launched and connected shader compiler UnityShaderCompiler.exe after 0.04 seconds
Refreshing native plugins compatible for Editor in 0.62 ms, found 1 plugins.
Preloading 0 native plugins for Editor in 0.00 ms.
Unloading 3263 Unused Serialized files (Serialized files now loaded: 0)
System memory in use before: 142.8 MB.
System memory in use after: 142.8 MB.

Unloading 26 unused Assets to reduce memory usage. Loaded Objects now: 3703.
Total: 2.138500 ms (FindLiveObjects: 0.329400 ms CreateObjectMapping: 0.069400 ms MarkObjects: 1.626800 ms  DeleteObjects: 0.112100 ms)

========================================================================
Received Import Request.
  path: Assets/Player/Knight/Player.controller
  artifactKey: Guid(d20a996e07fd66f4d9efc75f3fec506f) Importer(815301076,1909f56bfc062723c751e8b465ee728b)
Start importing Assets/Player/Knight/Player.controller using Guid(d20a996e07fd66f4d9efc75f3fec506f) Importer(815301076,1909f56bfc062723c751e8b465ee728b)  -> (artifact id: '5681f036f608229f24b3f71812652cfd') in 0.033666 seconds
  Import took 0.038419 seconds .

========================================================================
Received Prepare
Registering precompiled user dll's ...
Registered in 0.001268 seconds.
Begin MonoManager ReloadAssembly
Native extension for WindowsStandalone target not found
Refreshing native plugins compatible for Editor in 0.57 ms, found 1 plugins.
Preloading 0 native plugins for Editor in 0.00 ms.
Mono: successfully reloaded assembly
- Completed reload, in  0.649 seconds
Platform modules already initialized, skipping
Shader 'Universal Render Pipeline/Particles/Lit': fallback shader 'Universal Render Pipeline/Particles/SimpleLit' not found
Refreshing native plugins compatible for Editor in 0.57 ms, found 1 plugins.
Preloading 0 native plugins for Editor in 0.00 ms.
Unloading 3152 Unused Serialized files (Serialized files now loaded: 0)
System memory in use before: 135.8 MB.
System memory in use after: 135.9 MB.

Unloading 14 unused Assets to reduce memory usage. Loaded Objects now: 3707.
Total: 2.208200 ms (FindLiveObjects: 0.343600 ms CreateObjectMapping: 0.129300 ms MarkObjects: 1.643400 ms  DeleteObjects: 0.090800 ms)

========================================================================
Received Prepare
Registering precompiled user dll's ...
Registered in 0.001161 seconds.
Begin MonoManager ReloadAssembly
Native extension for WindowsStandalone target not found
Refreshing native plugins compatible for Editor in 1.67 ms, found 1 plugins.
Preloading 0 native plugins for Editor in 0.00 ms.
Mono: successfully reloaded assembly
- Completed reload, in  0.640 seconds
Platform modules already initialized, skipping
Shader 'Universal Render Pipeline/Particles/Lit': fallback shader 'Universal Render Pipeline/Particles/SimpleLit' not found
Refreshing native plugins compatible for Editor in 0.57 ms, found 1 plugins.
Preloading 0 native plugins for Editor in 0.00 ms.
Unloading 3152 Unused Serialized files (Serialized files now loaded: 0)
System memory in use before: 135.8 MB.
System memory in use after: 135.9 MB.

Unloading 14 unused Assets to reduce memory usage. Loaded Objects now: 3711.
Total: 2.234900 ms (FindLiveObjects: 0.318700 ms CreateObjectMapping: 0.104800 ms MarkObjects: 1.726300 ms  DeleteObjects: 0.084200 ms)

========================================================================
Received Prepare
Registering precompiled user dll's ...
Registered in 0.001203 seconds.
Begin MonoManager ReloadAssembly
Native extension for WindowsStandalone target not found
Refreshing native plugins compatible for Editor in 0.57 ms, found 1 plugins.
Preloading 0 native plugins for Editor in 0.00 ms.
Mono: successfully reloaded assembly
- Completed reload, in  0.652 seconds
Platform modules already initialized, skipping
Shader 'Universal Render Pipeline/Particles/Lit': fallback shader 'Universal Render Pipeline/Particles/SimpleLit' not found
Refreshing native plugins compatible for Editor in 0.56 ms, found 1 plugins.
Preloading 0 native plugins for Editor in 0.00 ms.
Unloading 3152 Unused Serialized files (Serialized files now loaded: 0)
System memory in use before: 135.9 MB.
System memory in use after: 136.0 MB.

Unloading 14 unused Assets to reduce memory usage. Loaded Objects now: 3715.
Total: 2.135900 ms (FindLiveObjects: 0.354400 ms CreateObjectMapping: 0.101400 ms MarkObjects: 1.594600 ms  DeleteObjects: 0.084500 ms)

========================================================================
Received Prepare
Registering precompiled user dll's ...
Registered in 0.001133 seconds.
Begin MonoManager ReloadAssembly
Native extension for WindowsStandalone target not found
Refreshing native plugins compatible for Editor in 0.59 ms, found 1 plugins.
Preloading 0 native plugins for Editor in 0.00 ms.
Mono: successfully reloaded assembly
- Completed reload, in  0.666 seconds
Platform modules already initialized, skipping
Shader 'Universal Render Pipeline/Particles/Lit': fallback shader 'Universal Render Pipeline/Particles/SimpleLit' not found
Refreshing native plugins compatible for Editor in 0.61 ms, found 1 plugins.
Preloading 0 native plugins for Editor in 0.00 ms.
Unloading 3152 Unused Serialized files (Serialized files now loaded: 0)
System memory in use before: 135.9 MB.
System memory in use after: 136.0 MB.

Unloading 14 unused Assets to reduce memory usage. Loaded Objects now: 3719.
Total: 2.075900 ms (FindLiveObjects: 0.280900 ms CreateObjectMapping: 0.082800 ms MarkObjects: 1.630200 ms  DeleteObjects: 0.081400 ms)

========================================================================
Received Prepare
Registering precompiled user dll's ...
Registered in 0.001333 seconds.
Begin MonoManager ReloadAssembly
Native extension for WindowsStandalone target not found
Refreshing native plugins compatible for Editor in 0.61 ms, found 1 plugins.
Preloading 0 native plugins for Editor in 0.00 ms.
Mono: successfully reloaded assembly
- Completed reload, in  0.661 seconds
Platform modules already initialized, skipping
Shader 'Universal Render Pipeline/Particles/Lit': fallback shader 'Universal Render Pipeline/Particles/SimpleLit' not found
Refreshing native plugins compatible for Editor in 0.64 ms, found 1 plugins.
Preloading 0 native plugins for Editor in 0.00 ms.
Unloading 3152 Unused Serialized files (Serialized files now loaded: 0)
System memory in use before: 135.9 MB.
System memory in use after: 136.0 MB.

Unloading 14 unused Assets to reduce memory usage. Loaded Objects now: 3723.
Total: 2.385500 ms (FindLiveObjects: 0.281800 ms CreateObjectMapping: 0.126200 ms MarkObjects: 1.885600 ms  DeleteObjects: 0.091000 ms)

========================================================================
Received Prepare
Registering precompiled user dll's ...
Registered in 0.001085 seconds.
Begin MonoManager ReloadAssembly
Native extension for WindowsStandalone target not found
Refreshing native plugins compatible for Editor in 0.57 ms, found 1 plugins.
Preloading 0 native plugins for Editor in 0.00 ms.
Mono: successfully reloaded assembly
- Completed reload, in  0.641 seconds
Platform modules already initialized, skipping
Shader 'Universal Render Pipeline/Particles/Lit': fallback shader 'Universal Render Pipeline/Particles/SimpleLit' not found
Refreshing native plugins compatible for Editor in 0.64 ms, found 1 plugins.
Preloading 0 native plugins for Editor in 0.00 ms.
Unloading 3152 Unused Serialized files (Serialized files now loaded: 0)
System memory in use before: 135.9 MB.
System memory in use after: 136.0 MB.

Unloading 14 unused Assets to reduce memory usage. Loaded Objects now: 3727.
Total: 2.462700 ms (FindLiveObjects: 0.301500 ms CreateObjectMapping: 0.079500 ms MarkObjects: 1.996200 ms  DeleteObjects: 0.084400 ms)

========================================================================
Received Prepare
Registering precompiled user dll's ...
Registered in 0.001024 seconds.
Begin MonoManager ReloadAssembly
Native extension for WindowsStandalone target not found
Refreshing native plugins compatible for Editor in 0.57 ms, found 1 plugins.
Preloading 0 native plugins for Editor in 0.00 ms.
Mono: successfully reloaded assembly
- Completed reload, in  0.654 seconds
Platform modules already initialized, skipping
Shader 'Universal Render Pipeline/Particles/Lit': fallback shader 'Universal Render Pipeline/Particles/SimpleLit' not found
Refreshing native plugins compatible for Editor in 0.62 ms, found 1 plugins.
Preloading 0 native plugins for Editor in 0.00 ms.
Unloading 3152 Unused Serialized files (Serialized files now loaded: 0)
System memory in use before: 135.9 MB.
System memory in use after: 136.0 MB.

Unloading 14 unused Assets to reduce memory usage. Loaded Objects now: 3731.
Total: 2.308100 ms (FindLiveObjects: 0.379300 ms CreateObjectMapping: 0.168300 ms MarkObjects: 1.674900 ms  DeleteObjects: 0.084700 ms)

========================================================================
Received Prepare
Registering precompiled user dll's ...
Registered in 0.001131 seconds.
Begin MonoManager ReloadAssembly
Native extension for WindowsStandalone target not found
Refreshing native plugins compatible for Editor in 0.57 ms, found 1 plugins.
Preloading 0 native plugins for Editor in 0.00 ms.
Mono: successfully reloaded assembly
- Completed reload, in  0.629 seconds
Platform modules already initialized, skipping
Shader 'Universal Render Pipeline/Particles/Lit': fallback shader 'Universal Render Pipeline/Particles/SimpleLit' not found
Refreshing native plugins compatible for Editor in 0.56 ms, found 1 plugins.
Preloading 0 native plugins for Editor in 0.00 ms.
Unloading 3152 Unused Serialized files (Serialized files now loaded: 0)
System memory in use before: 135.9 MB.
System memory in use after: 136.0 MB.

Unloading 14 unused Assets to reduce memory usage. Loaded Objects now: 3735.
Total: 2.166500 ms (FindLiveObjects: 0.294200 ms CreateObjectMapping: 0.119500 ms MarkObjects: 1.666200 ms  DeleteObjects: 0.085700 ms)

========================================================================
Received Prepare
Registering precompiled user dll's ...
Registered in 0.001177 seconds.
Begin MonoManager ReloadAssembly
Native extension for WindowsStandalone target not found
Refreshing native plugins compatible for Editor in 0.56 ms, found 1 plugins.
Preloading 0 native plugins for Editor in 0.00 ms.
Mono: successfully reloaded assembly
- Completed reload, in  0.647 seconds
Platform modules already initialized, skipping
Shader 'Universal Render Pipeline/Particles/Lit': fallback shader 'Universal Render Pipeline/Particles/SimpleLit' not found
Refreshing native plugins compatible for Editor in 0.56 ms, found 1 plugins.
Preloading 0 native plugins for Editor in 0.00 ms.
Unloading 3152 Unused Serialized files (Serialized files now loaded: 0)
System memory in use before: 135.9 MB.
System memory in use after: 136.0 MB.

Unloading 14 unused Assets to reduce memory usage. Loaded Objects now: 3739.
Total: 2.044100 ms (FindLiveObjects: 0.278600 ms CreateObjectMapping: 0.121000 ms MarkObjects: 1.562100 ms  DeleteObjects: 0.081900 ms)

========================================================================
Received Prepare
Registering precompiled user dll's ...
Registered in 0.001222 seconds.
Begin MonoManager ReloadAssembly
Native extension for WindowsStandalone target not found
Refreshing native plugins compatible for Editor in 0.57 ms, found 1 plugins.
Preloading 0 native plugins for Editor in 0.00 ms.
Mono: successfully reloaded assembly
- Completed reload, in  0.621 seconds
Platform modules already initialized, skipping
Shader 'Universal Render Pipeline/Particles/Lit': fallback shader 'Universal Render Pipeline/Particles/SimpleLit' not found
Refreshing native plugins compatible for Editor in 0.58 ms, found 1 plugins.
Preloading 0 native plugins for Editor in 0.00 ms.
Unloading 3152 Unused Serialized files (Serialized files now loaded: 0)
System memory in use before: 136.0 MB.
System memory in use after: 136.0 MB.

Unloading 14 unused Assets to reduce memory usage. Loaded Objects now: 3743.
Total: 2.144500 ms (FindLiveObjects: 0.326500 ms CreateObjectMapping: 0.093700 ms MarkObjects: 1.645600 ms  DeleteObjects: 0.077900 ms)

========================================================================
Received Prepare
Registering precompiled user dll's ...
Registered in 0.001152 seconds.
Begin MonoManager ReloadAssembly
Native extension for WindowsStandalone target not found
Refreshing native plugins compatible for Editor in 0.56 ms, found 1 plugins.
Preloading 0 native plugins for Editor in 0.00 ms.
Mono: successfully reloaded assembly
- Completed reload, in  0.624 seconds
Platform modules already initialized, skipping
Shader 'Universal Render Pipeline/Particles/Lit': fallback shader 'Universal Render Pipeline/Particles/SimpleLit' not found
Refreshing native plugins compatible for Editor in 0.57 ms, found 1 plugins.
Preloading 0 native plugins for Editor in 0.00 ms.
Unloading 3152 Unused Serialized files (Serialized files now loaded: 0)
System memory in use before: 136.0 MB.
System memory in use after: 136.1 MB.

Unloading 14 unused Assets to reduce memory usage. Loaded Objects now: 3747.
Total: 2.032100 ms (FindLiveObjects: 0.234700 ms CreateObjectMapping: 0.110400 ms MarkObjects: 1.606200 ms  DeleteObjects: 0.079800 ms)

========================================================================
Received Prepare
Registering precompiled user dll's ...
Registered in 0.001040 seconds.
Begin MonoManager ReloadAssembly
Native extension for WindowsStandalone target not found
Refreshing native plugins compatible for Editor in 0.57 ms, found 1 plugins.
Preloading 0 native plugins for Editor in 0.00 ms.
Mono: successfully reloaded assembly
- Completed reload, in  0.622 seconds
Platform modules already initialized, skipping
Shader 'Universal Render Pipeline/Particles/Lit': fallback shader 'Universal Render Pipeline/Particles/SimpleLit' not found
Refreshing native plugins compatible for Editor in 0.72 ms, found 1 plugins.
Preloading 0 native plugins for Editor in 0.00 ms.
Unloading 3152 Unused Serialized files (Serialized files now loaded: 0)
System memory in use before: 136.0 MB.
System memory in use after: 136.1 MB.

Unloading 14 unused Assets to reduce memory usage. Loaded Objects now: 3751.
Total: 2.529800 ms (FindLiveObjects: 0.306700 ms CreateObjectMapping: 0.153300 ms MarkObjects: 1.983200 ms  DeleteObjects: 0.085700 ms)

========================================================================
Received Import Request.
  Time since last request: 2791.550369 seconds.
  path: Assets/Player/Knight/Sprites/HeroKnight/Ladder Climb
  artifactKey: Guid(825089030ce97a94a86d88f6f35870d5) Importer(815301076,1909f56bfc062723c751e8b465ee728b)
Start importing Assets/Player/Knight/Sprites/HeroKnight/Ladder Climb using Guid(825089030ce97a94a86d88f6f35870d5) Importer(815301076,1909f56bfc062723c751e8b465ee728b)  -> (artifact id: 'fd3caba98095f02837ad1c612e557901') in 0.009366 seconds
  Import took 0.016405 seconds .

========================================================================
Received Import Request.
  Time since last request: 0.124210 seconds.
  path: Assets/Player/Knight/Sprites/HeroKnight/Ladder Climb/Knight_Climbing0.png
  artifactKey: Guid(c4387a027e0f5d84aaf494011f1a5038) Importer(815301076,1909f56bfc062723c751e8b465ee728b)
Start importing Assets/Player/Knight/Sprites/HeroKnight/Ladder Climb/Knight_Climbing0.png using Guid(c4387a027e0f5d84aaf494011f1a5038) Importer(815301076,1909f56bfc062723c751e8b465ee728b)  -> (artifact id: '832cf0dbc9c5528aae3890ebac39c631') in 0.079206 seconds
  Import took 0.083795 seconds .

========================================================================
Received Import Request.
  Time since last request: 0.000135 seconds.
  path: Assets/Player/Knight/Sprites/HeroKnight/Ladder Climb/Knight_Climbing1.png
  artifactKey: Guid(1dd52c2c149406749bca002f67f94338) Importer(815301076,1909f56bfc062723c751e8b465ee728b)
Start importing Assets/Player/Knight/Sprites/HeroKnight/Ladder Climb/Knight_Climbing1.png using Guid(1dd52c2c149406749bca002f67f94338) Importer(815301076,1909f56bfc062723c751e8b465ee728b)  -> (artifact id: '74e60a33b616e57b90add2ebe568a10c') in 0.008646 seconds
  Import took 0.012764 seconds .

========================================================================
Received Import Request.
  Time since last request: 18.795768 seconds.
  path: Assets/Player/Knight/Sprites/HeroKnight/Ladder Climb/Knight_Climbing0.png
  artifactKey: Guid(c4387a027e0f5d84aaf494011f1a5038) Importer(815301076,1909f56bfc062723c751e8b465ee728b)
Start importing Assets/Player/Knight/Sprites/HeroKnight/Ladder Climb/Knight_Climbing0.png using Guid(c4387a027e0f5d84aaf494011f1a5038) Importer(815301076,1909f56bfc062723c751e8b465ee728b)  -> (artifact id: '6a22f96daf1f357a12f7b3ef598ed273') in 0.005266 seconds
  Import took 0.008984 seconds .

========================================================================
Received Import Request.
  Time since last request: 0.006095 seconds.
  path: Assets/Player/Knight/Sprites/HeroKnight/Ladder Climb/Knight_Climbing0.png
  artifactKey: Guid(c4387a027e0f5d84aaf494011f1a5038) Importer(815301076,1909f56bfc062723c751e8b465ee728b)
Start importing Assets/Player/Knight/Sprites/HeroKnight/Ladder Climb/Knight_Climbing0.png using Guid(c4387a027e0f5d84aaf494011f1a5038) Importer(815301076,1909f56bfc062723c751e8b465ee728b)  -> (artifact id: '6a22f96daf1f357a12f7b3ef598ed273') in 0.004992 seconds
  Import took 0.008571 seconds .

========================================================================
Received Import Request.
  Time since last request: 0.000103 seconds.
  path: Assets/Player/Knight/Sprites/HeroKnight/Ladder Climb/Knight_Climbing1.png
  artifactKey: Guid(1dd52c2c149406749bca002f67f94338) Importer(815301076,1909f56bfc062723c751e8b465ee728b)
Start importing Assets/Player/Knight/Sprites/HeroKnight/Ladder Climb/Knight_Climbing1.png using Guid(1dd52c2c149406749bca002f67f94338) Importer(815301076,1909f56bfc062723c751e8b465ee728b)  -> (artifact id: 'abd56080fa80805d6e188d765bef5713') in 0.005664 seconds
  Import took 0.009377 seconds .

========================================================================
Received Import Request.
  Time since last request: 0.000571 seconds.
  path: Assets/Player/Knight/Sprites/HeroKnight/Ladder Climb/Knight_Climbing1.png
  artifactKey: Guid(1dd52c2c149406749bca002f67f94338) Importer(815301076,1909f56bfc062723c751e8b465ee728b)
Start importing Assets/Player/Knight/Sprites/HeroKnight/Ladder Climb/Knight_Climbing1.png using Guid(1dd52c2c149406749bca002f67f94338) Importer(815301076,1909f56bfc062723c751e8b465ee728b)  -> (artifact id: 'abd56080fa80805d6e188d765bef5713') in 0.006864 seconds
  Import took 0.010327 seconds .

========================================================================
Received Import Request.
  Time since last request: 282.056488 seconds.
  path: Assets/Player/Knight/Sprites/HeroKnight/Ladder Climb/Knight_Climbing2.png
  artifactKey: Guid(0a7f911eb7e661345bb414484accaea3) Importer(815301076,1909f56bfc062723c751e8b465ee728b)
Start importing Assets/Player/Knight/Sprites/HeroKnight/Ladder Climb/Knight_Climbing2.png using Guid(0a7f911eb7e661345bb414484accaea3) Importer(815301076,1909f56bfc062723c751e8b465ee728b)  -> (artifact id: '5b56d696b1732d47f853033f897fab02') in 0.009454 seconds
  Import took 0.013975 seconds .

========================================================================
Received Import Request.
  Time since last request: 7.457507 seconds.
  path: Assets/Player/Knight/Sprites/HeroKnight/Ladder Climb/Knight_Climbing2.png
  artifactKey: Guid(0a7f911eb7e661345bb414484accaea3) Importer(815301076,1909f56bfc062723c751e8b465ee728b)
Start importing Assets/Player/Knight/Sprites/HeroKnight/Ladder Climb/Knight_Climbing2.png using Guid(0a7f911eb7e661345bb414484accaea3) Importer(815301076,1909f56bfc062723c751e8b465ee728b)  -> (artifact id: '8271d5168a8d4e6349078ce389f13a66') in 0.005680 seconds
  Import took 0.010322 seconds .

========================================================================
Received Import Request.
  Time since last request: 0.005083 seconds.
  path: Assets/Player/Knight/Sprites/HeroKnight/Ladder Climb/Knight_Climbing2.png
  artifactKey: Guid(0a7f911eb7e661345bb414484accaea3) Importer(815301076,1909f56bfc062723c751e8b465ee728b)
Start importing Assets/Player/Knight/Sprites/HeroKnight/Ladder Climb/Knight_Climbing2.png using Guid(0a7f911eb7e661345bb414484accaea3) Importer(815301076,1909f56bfc062723c751e8b465ee728b)  -> (artifact id: '8271d5168a8d4e6349078ce389f13a66') in 0.005648 seconds
  Import took 0.009175 seconds .

========================================================================
Received Import Request.
  Time since last request: 108.919838 seconds.
  path: Assets/Player/Knight/Sprites/HeroKnight/Ladder Climb/Knight_Climbing0.png
  artifactKey: Guid(c4387a027e0f5d84aaf494011f1a5038) Importer(815301076,1909f56bfc062723c751e8b465ee728b)
Start importing Assets/Player/Knight/Sprites/HeroKnight/Ladder Climb/Knight_Climbing0.png using Guid(c4387a027e0f5d84aaf494011f1a5038) Importer(815301076,1909f56bfc062723c751e8b465ee728b)  -> (artifact id: '3926e793d63fcd1cee2140b16dca8f51') in 0.005881 seconds
  Import took 0.010552 seconds .

========================================================================
Received Import Request.
  Time since last request: 0.008881 seconds.
  path: Assets/Player/Knight/Sprites/HeroKnight/Ladder Climb/Knight_Climbing0.png
  artifactKey: Guid(c4387a027e0f5d84aaf494011f1a5038) Importer(815301076,1909f56bfc062723c751e8b465ee728b)
Start importing Assets/Player/Knight/Sprites/HeroKnight/Ladder Climb/Knight_Climbing0.png using Guid(c4387a027e0f5d84aaf494011f1a5038) Importer(815301076,1909f56bfc062723c751e8b465ee728b)  -> (artifact id: '3926e793d63fcd1cee2140b16dca8f51') in 0.005699 seconds
  Import took 0.009527 seconds .

========================================================================
Received Import Request.
  Time since last request: 0.000106 seconds.
  path: Assets/Player/Knight/Sprites/HeroKnight/Ladder Climb/Knight_Climbing1.png
  artifactKey: Guid(1dd52c2c149406749bca002f67f94338) Importer(815301076,1909f56bfc062723c751e8b465ee728b)
Start importing Assets/Player/Knight/Sprites/HeroKnight/Ladder Climb/Knight_Climbing1.png using Guid(1dd52c2c149406749bca002f67f94338) Importer(815301076,1909f56bfc062723c751e8b465ee728b)  -> (artifact id: '8d7ee071205b0ebbbee877bc71950edf') in 0.004497 seconds
  Import took 0.008301 seconds .

========================================================================
Received Import Request.
  Time since last request: 0.000113 seconds.
  path: Assets/Player/Knight/Sprites/HeroKnight/Ladder Climb/Knight_Climbing2.png
  artifactKey: Guid(0a7f911eb7e661345bb414484accaea3) Importer(815301076,1909f56bfc062723c751e8b465ee728b)
Start importing Assets/Player/Knight/Sprites/HeroKnight/Ladder Climb/Knight_Climbing2.png using Guid(0a7f911eb7e661345bb414484accaea3) Importer(815301076,1909f56bfc062723c751e8b465ee728b)  -> (artifact id: 'dec212818806f29ab383fe0431c7a6a4') in 0.005414 seconds
  Import took 0.009123 seconds .

========================================================================
Received Import Request.
  Time since last request: 0.000115 seconds.
  path: Assets/Player/Knight/Sprites/HeroKnight/Ladder Climb/Knight_Climbing1.png
  artifactKey: Guid(1dd52c2c149406749bca002f67f94338) Importer(815301076,1909f56bfc062723c751e8b465ee728b)
Start importing Assets/Player/Knight/Sprites/HeroKnight/Ladder Climb/Knight_Climbing1.png using Guid(1dd52c2c149406749bca002f67f94338) Importer(815301076,1909f56bfc062723c751e8b465ee728b)  -> (artifact id: '8d7ee071205b0ebbbee877bc71950edf') in 0.004800 seconds
  Import took 0.007979 seconds .

========================================================================
Received Import Request.
  Time since last request: 0.006223 seconds.
  path: Assets/Player/Knight/Sprites/HeroKnight/Ladder Climb/Knight_Climbing2.png
  artifactKey: Guid(0a7f911eb7e661345bb414484accaea3) Importer(815301076,1909f56bfc062723c751e8b465ee728b)
Start importing Assets/Player/Knight/Sprites/HeroKnight/Ladder Climb/Knight_Climbing2.png using Guid(0a7f911eb7e661345bb414484accaea3) Importer(815301076,1909f56bfc062723c751e8b465ee728b)  -> (artifact id: 'dec212818806f29ab383fe0431c7a6a4') in 0.005454 seconds
  Import took 0.009028 seconds .

========================================================================
Received Import Request.
  Time since last request: 41.129387 seconds.
  path: Assets/Player/Knight/Sprites/HeroKnight/Ladder Climb/Knight_Climbing0.png
  artifactKey: Guid(c4387a027e0f5d84aaf494011f1a5038) Importer(815301076,1909f56bfc062723c751e8b465ee728b)
Start importing Assets/Player/Knight/Sprites/HeroKnight/Ladder Climb/Knight_Climbing0.png using Guid(c4387a027e0f5d84aaf494011f1a5038) Importer(815301076,1909f56bfc062723c751e8b465ee728b)  -> (artifact id: 'fa9d4dd029a039687c14bfd3ade3f6e7') in 0.005841 seconds
  Import took 0.009679 seconds .

========================================================================
Received Import Request.
  Time since last request: 0.009529 seconds.
  path: Assets/Player/Knight/Sprites/HeroKnight/Ladder Climb/Knight_Climbing0.png
  artifactKey: Guid(c4387a027e0f5d84aaf494011f1a5038) Importer(815301076,1909f56bfc062723c751e8b465ee728b)
Start importing Assets/Player/Knight/Sprites/HeroKnight/Ladder Climb/Knight_Climbing0.png using Guid(c4387a027e0f5d84aaf494011f1a5038) Importer(815301076,1909f56bfc062723c751e8b465ee728b)  -> (artifact id: 'fa9d4dd029a039687c14bfd3ade3f6e7') in 0.005045 seconds
  Import took 0.008679 seconds .

========================================================================
Received Import Request.
  Time since last request: 0.000118 seconds.
  path: Assets/Player/Knight/Sprites/HeroKnight/Ladder Climb/Knight_Climbing1.png
  artifactKey: Guid(1dd52c2c149406749bca002f67f94338) Importer(815301076,1909f56bfc062723c751e8b465ee728b)
Start importing Assets/Player/Knight/Sprites/HeroKnight/Ladder Climb/Knight_Climbing1.png using Guid(1dd52c2c149406749bca002f67f94338) Importer(815301076,1909f56bfc062723c751e8b465ee728b)  -> (artifact id: 'd1402fb6e70be0be6819a5fa23aae10d') in 0.004801 seconds
  Import took 0.008698 seconds .

========================================================================
Received Import Request.
  Time since last request: 0.000115 seconds.
  path: Assets/Player/Knight/Sprites/HeroKnight/Ladder Climb/Knight_Climbing2.png
  artifactKey: Guid(0a7f911eb7e661345bb414484accaea3) Importer(815301076,1909f56bfc062723c751e8b465ee728b)
Start importing Assets/Player/Knight/Sprites/HeroKnight/Ladder Climb/Knight_Climbing2.png using Guid(0a7f911eb7e661345bb414484accaea3) Importer(815301076,1909f56bfc062723c751e8b465ee728b)  -> (artifact id: '594048a6ad35685063632c6d863eed93') in 0.005344 seconds
  Import took 0.009150 seconds .

========================================================================
Received Import Request.
  Time since last request: 29.607360 seconds.
  path: Assets/Player/Knight/Sprites/HeroKnight/Ladder Climb/Knight_Climbing0.png
  artifactKey: Guid(c4387a027e0f5d84aaf494011f1a5038) Importer(815301076,1909f56bfc062723c751e8b465ee728b)
Start importing Assets/Player/Knight/Sprites/HeroKnight/Ladder Climb/Knight_Climbing0.png using Guid(c4387a027e0f5d84aaf494011f1a5038) Importer(815301076,1909f56bfc062723c751e8b465ee728b)  -> (artifact id: 'b916f6512b2ac967d711be69e6fb0be9') in 0.005217 seconds
  Import took 0.009447 seconds .

========================================================================
Received Import Request.
  Time since last request: 0.009360 seconds.
  path: Assets/Player/Knight/Sprites/HeroKnight/Ladder Climb/Knight_Climbing0.png
  artifactKey: Guid(c4387a027e0f5d84aaf494011f1a5038) Importer(815301076,1909f56bfc062723c751e8b465ee728b)
Start importing Assets/Player/Knight/Sprites/HeroKnight/Ladder Climb/Knight_Climbing0.png using Guid(c4387a027e0f5d84aaf494011f1a5038) Importer(815301076,1909f56bfc062723c751e8b465ee728b)  -> (artifact id: 'b916f6512b2ac967d711be69e6fb0be9') in 0.004701 seconds
  Import took 0.008376 seconds .

========================================================================
Received Import Request.
  Time since last request: 0.000121 seconds.
  path: Assets/Player/Knight/Sprites/HeroKnight/Ladder Climb/Knight_Climbing1.png
  artifactKey: Guid(1dd52c2c149406749bca002f67f94338) Importer(815301076,1909f56bfc062723c751e8b465ee728b)
Start importing Assets/Player/Knight/Sprites/HeroKnight/Ladder Climb/Knight_Climbing1.png using Guid(1dd52c2c149406749bca002f67f94338) Importer(815301076,1909f56bfc062723c751e8b465ee728b)  -> (artifact id: '9e1a90d4569a3c0ee8b2c96f995cec43') in 0.006321 seconds
  Import took 0.010326 seconds .

========================================================================
Received Import Request.
  Time since last request: 0.000119 seconds.
  path: Assets/Player/Knight/Sprites/HeroKnight/Ladder Climb/Knight_Climbing2.png
  artifactKey: Guid(0a7f911eb7e661345bb414484accaea3) Importer(815301076,1909f56bfc062723c751e8b465ee728b)
Start importing Assets/Player/Knight/Sprites/HeroKnight/Ladder Climb/Knight_Climbing2.png using Guid(0a7f911eb7e661345bb414484accaea3) Importer(815301076,1909f56bfc062723c751e8b465ee728b)  -> (artifact id: '14bdce5a237c0b7559d9cc560f8ee043') in 0.004929 seconds
  Import took 0.008473 seconds .

========================================================================
Received Import Request.
  Time since last request: 0.000119 seconds.
  path: Assets/Player/Knight/Sprites/HeroKnight/Ladder Climb/Knight_Climbing1.png
  artifactKey: Guid(1dd52c2c149406749bca002f67f94338) Importer(815301076,1909f56bfc062723c751e8b465ee728b)
Start importing Assets/Player/Knight/Sprites/HeroKnight/Ladder Climb/Knight_Climbing1.png using Guid(1dd52c2c149406749bca002f67f94338) Importer(815301076,1909f56bfc062723c751e8b465ee728b)  -> (artifact id: '9e1a90d4569a3c0ee8b2c96f995cec43') in 0.006814 seconds
  Import took 0.010741 seconds .

========================================================================
Received Import Request.
  Time since last request: 0.001829 seconds.
  path: Assets/Player/Knight/Sprites/HeroKnight/Ladder Climb/Knight_Climbing2.png
  artifactKey: Guid(0a7f911eb7e661345bb414484accaea3) Importer(815301076,1909f56bfc062723c751e8b465ee728b)
Start importing Assets/Player/Knight/Sprites/HeroKnight/Ladder Climb/Knight_Climbing2.png using Guid(0a7f911eb7e661345bb414484accaea3) Importer(815301076,1909f56bfc062723c751e8b465ee728b)  -> (artifact id: '14bdce5a237c0b7559d9cc560f8ee043') in 0.004643 seconds
  Import took 0.007976 seconds .

========================================================================
Received Prepare
Registering precompiled user dll's ...
Registered in 0.001385 seconds.
Begin MonoManager ReloadAssembly
Native extension for WindowsStandalone target not found
Refreshing native plugins compatible for Editor in 0.59 ms, found 1 plugins.
Preloading 0 native plugins for Editor in 0.00 ms.
Mono: successfully reloaded assembly
- Completed reload, in  0.696 seconds
Platform modules already initialized, skipping
Shader 'Universal Render Pipeline/Particles/Lit': fallback shader 'Universal Render Pipeline/Particles/SimpleLit' not found
Refreshing native plugins compatible for Editor in 0.56 ms, found 1 plugins.
Preloading 0 native plugins for Editor in 0.00 ms.
Unloading 3152 Unused Serialized files (Serialized files now loaded: 0)
System memory in use before: 138.9 MB.
System memory in use after: 139.0 MB.

Unloading 14 unused Assets to reduce memory usage. Loaded Objects now: 3761.
Total: 2.097200 ms (FindLiveObjects: 0.250800 ms CreateObjectMapping: 0.082200 ms MarkObjects: 1.638100 ms  DeleteObjects: 0.125400 ms)

========================================================================
Received Import Request.
  Time since last request: 656.054430 seconds.
  path: Assets/Ladder.png
  artifactKey: Guid(91825a2250de8b84ba414c52c70f237c) Importer(815301076,1909f56bfc062723c751e8b465ee728b)
Start importing Assets/Ladder.png using Guid(91825a2250de8b84ba414c52c70f237c) Importer(815301076,1909f56bfc062723c751e8b465ee728b)  -> (artifact id: 'a7f3bb304f7a30f0e98d804ffdcd8129') in 0.038289 seconds
  Import took 0.042638 seconds .

========================================================================
Received Import Request.
  Time since last request: 17.304354 seconds.
  path: Assets/Ladder.png
  artifactKey: Guid(91825a2250de8b84ba414c52c70f237c) Importer(815301076,1909f56bfc062723c751e8b465ee728b)
Start importing Assets/Ladder.png using Guid(91825a2250de8b84ba414c52c70f237c) Importer(815301076,1909f56bfc062723c751e8b465ee728b)  -> (artifact id: '6d0a1f8d165f4d7c3a51e21e578865f7') in 0.008879 seconds
  Import took 0.013405 seconds .

========================================================================
Received Import Request.
  Time since last request: 0.004084 seconds.
  path: Assets/Ladder.png
  artifactKey: Guid(91825a2250de8b84ba414c52c70f237c) Importer(815301076,1909f56bfc062723c751e8b465ee728b)
Start importing Assets/Ladder.png using Guid(91825a2250de8b84ba414c52c70f237c) Importer(815301076,1909f56bfc062723c751e8b465ee728b)  -> (artifact id: '6d0a1f8d165f4d7c3a51e21e578865f7') in 0.006652 seconds
  Import took 0.010551 seconds .

========================================================================
Received Import Request.
  Time since last request: 3.631708 seconds.
  path: Assets/Ladder.png
  artifactKey: Guid(91825a2250de8b84ba414c52c70f237c) Importer(815301076,1909f56bfc062723c751e8b465ee728b)
Start importing Assets/Ladder.png using Guid(91825a2250de8b84ba414c52c70f237c) Importer(815301076,1909f56bfc062723c751e8b465ee728b)  -> (artifact id: '9c38367dd90b55d36473fb59dae485a6') in 0.007265 seconds
  Import took 0.011450 seconds .

========================================================================
Received Import Request.
  Time since last request: 0.006627 seconds.
  path: Assets/Ladder.png
  artifactKey: Guid(91825a2250de8b84ba414c52c70f237c) Importer(815301076,1909f56bfc062723c751e8b465ee728b)
Start importing Assets/Ladder.png using Guid(91825a2250de8b84ba414c52c70f237c) Importer(815301076,1909f56bfc062723c751e8b465ee728b)  -> (artifact id: '9c38367dd90b55d36473fb59dae485a6') in 0.006940 seconds
  Import took 0.010693 seconds .

========================================================================
Received Import Request.
  Time since last request: 2.940520 seconds.
  path: Assets/Ladder.png
  artifactKey: Guid(91825a2250de8b84ba414c52c70f237c) Importer(815301076,1909f56bfc062723c751e8b465ee728b)
Start importing Assets/Ladder.png using Guid(91825a2250de8b84ba414c52c70f237c) Importer(815301076,1909f56bfc062723c751e8b465ee728b)  -> (artifact id: '1f4c77b0c103be30a76db19a42d4a86a') in 0.006042 seconds
  Import took 0.010076 seconds .

========================================================================
Received Import Request.
  Time since last request: 0.008047 seconds.
  path: Assets/Ladder.png
  artifactKey: Guid(91825a2250de8b84ba414c52c70f237c) Importer(815301076,1909f56bfc062723c751e8b465ee728b)
Start importing Assets/Ladder.png using Guid(91825a2250de8b84ba414c52c70f237c) Importer(815301076,1909f56bfc062723c751e8b465ee728b)  -> (artifact id: '1f4c77b0c103be30a76db19a42d4a86a') in 0.007976 seconds
  Import took 0.011901 seconds .

========================================================================
Received Import Request.
  Time since last request: 12.058039 seconds.
  path: Assets/Ladder.png
  artifactKey: Guid(91825a2250de8b84ba414c52c70f237c) Importer(815301076,1909f56bfc062723c751e8b465ee728b)
Start importing Assets/Ladder.png using Guid(91825a2250de8b84ba414c52c70f237c) Importer(815301076,1909f56bfc062723c751e8b465ee728b)  -> (artifact id: '966a476c4e0f384f3edb25acae6d9cf4') in 0.005176 seconds
  Import took 0.009680 seconds .

========================================================================
Received Import Request.
  Time since last request: 0.008033 seconds.
  path: Assets/Ladder.png
  artifactKey: Guid(91825a2250de8b84ba414c52c70f237c) Importer(815301076,1909f56bfc062723c751e8b465ee728b)
Start importing Assets/Ladder.png using Guid(91825a2250de8b84ba414c52c70f237c) Importer(815301076,1909f56bfc062723c751e8b465ee728b)  -> (artifact id: '966a476c4e0f384f3edb25acae6d9cf4') in 0.006877 seconds
  Import took 0.010873 seconds .

========================================================================
Received Import Request.
  Time since last request: 14.138224 seconds.
  path: ProjectSettings/TagManager.asset
  artifactKey: Guid(00000000000000003000000000000000) Importer(815301076,1909f56bfc062723c751e8b465ee728b)
Start importing ProjectSettings/TagManager.asset using Guid(00000000000000003000000000000000) Importer(815301076,1909f56bfc062723c751e8b465ee728b)  -> (artifact id: 'dcc81e620c529296b73c474d49aada7c') in 0.005982 seconds
  Import took 0.010170 seconds .

========================================================================
Received Prepare
Registering precompiled user dll's ...
Registered in 0.001124 seconds.
Begin MonoManager ReloadAssembly
Native extension for WindowsStandalone target not found
Refreshing native plugins compatible for Editor in 0.58 ms, found 1 plugins.
Preloading 0 native plugins for Editor in 0.00 ms.
Mono: successfully reloaded assembly
- Completed reload, in  0.629 seconds
Platform modules already initialized, skipping
Shader 'Universal Render Pipeline/Particles/Lit': fallback shader 'Universal Render Pipeline/Particles/SimpleLit' not found
Refreshing native plugins compatible for Editor in 0.55 ms, found 1 plugins.
Preloading 0 native plugins for Editor in 0.00 ms.
Unloading 3152 Unused Serialized files (Serialized files now loaded: 0)
System memory in use before: 139.0 MB.
System memory in use after: 139.1 MB.

Unloading 15 unused Assets to reduce memory usage. Loaded Objects now: 3768.
Total: 2.104600 ms (FindLiveObjects: 0.259600 ms CreateObjectMapping: 0.082400 ms MarkObjects: 1.661200 ms  DeleteObjects: 0.100600 ms)

========================================================================
Received Prepare
Registering precompiled user dll's ...
Registered in 0.001011 seconds.
Begin MonoManager ReloadAssembly
Native extension for WindowsStandalone target not found
Refreshing native plugins compatible for Editor in 0.58 ms, found 1 plugins.
Preloading 0 native plugins for Editor in 0.00 ms.
Mono: successfully reloaded assembly
- Completed reload, in  0.641 seconds
Platform modules already initialized, skipping
Shader 'Universal Render Pipeline/Particles/Lit': fallback shader 'Universal Render Pipeline/Particles/SimpleLit' not found
Refreshing native plugins compatible for Editor in 0.56 ms, found 1 plugins.
Preloading 0 native plugins for Editor in 0.00 ms.
Unloading 3152 Unused Serialized files (Serialized files now loaded: 0)
System memory in use before: 139.0 MB.
System memory in use after: 139.1 MB.

Unloading 14 unused Assets to reduce memory usage. Loaded Objects now: 3772.
Total: 2.154800 ms (FindLiveObjects: 0.356200 ms CreateObjectMapping: 0.083500 ms MarkObjects: 1.636100 ms  DeleteObjects: 0.077900 ms)

========================================================================
Received Prepare
Registering precompiled user dll's ...
Registered in 0.001247 seconds.
Begin MonoManager ReloadAssembly
Native extension for WindowsStandalone target not found
Refreshing native plugins compatible for Editor in 0.56 ms, found 1 plugins.
Preloading 0 native plugins for Editor in 0.00 ms.
Mono: successfully reloaded assembly
- Completed reload, in  0.614 seconds
Platform modules already initialized, skipping
Shader 'Universal Render Pipeline/Particles/Lit': fallback shader 'Universal Render Pipeline/Particles/SimpleLit' not found
Refreshing native plugins compatible for Editor in 0.56 ms, found 1 plugins.
Preloading 0 native plugins for Editor in 0.00 ms.
Unloading 3152 Unused Serialized files (Serialized files now loaded: 0)
System memory in use before: 139.0 MB.
System memory in use after: 139.1 MB.

Unloading 14 unused Assets to reduce memory usage. Loaded Objects now: 3776.
Total: 2.235000 ms (FindLiveObjects: 0.276700 ms CreateObjectMapping: 0.084000 ms MarkObjects: 1.789700 ms  DeleteObjects: 0.083700 ms)

========================================================================
Received Prepare
Registering precompiled user dll's ...
Registered in 0.001185 seconds.
Begin MonoManager ReloadAssembly
Native extension for WindowsStandalone target not found
Refreshing native plugins compatible for Editor in 0.57 ms, found 1 plugins.
Preloading 0 native plugins for Editor in 0.00 ms.
Mono: successfully reloaded assembly
- Completed reload, in  0.627 seconds
Platform modules already initialized, skipping
Shader 'Universal Render Pipeline/Particles/Lit': fallback shader 'Universal Render Pipeline/Particles/SimpleLit' not found
Refreshing native plugins compatible for Editor in 0.57 ms, found 1 plugins.
Preloading 0 native plugins for Editor in 0.00 ms.
Unloading 3152 Unused Serialized files (Serialized files now loaded: 0)
System memory in use before: 139.0 MB.
System memory in use after: 139.1 MB.

Unloading 14 unused Assets to reduce memory usage. Loaded Objects now: 3780.
Total: 2.218300 ms (FindLiveObjects: 0.294500 ms CreateObjectMapping: 0.133300 ms MarkObjects: 1.700800 ms  DeleteObjects: 0.088800 ms)

========================================================================
Received Prepare
Registering precompiled user dll's ...
Registered in 0.001120 seconds.
Begin MonoManager ReloadAssembly
Native extension for WindowsStandalone target not found
Refreshing native plugins compatible for Editor in 0.57 ms, found 1 plugins.
Preloading 0 native plugins for Editor in 0.00 ms.
Mono: successfully reloaded assembly
- Completed reload, in  0.624 seconds
Platform modules already initialized, skipping
Shader 'Universal Render Pipeline/Particles/Lit': fallback shader 'Universal Render Pipeline/Particles/SimpleLit' not found
Refreshing native plugins compatible for Editor in 0.60 ms, found 1 plugins.
Preloading 0 native plugins for Editor in 0.00 ms.
Unloading 3152 Unused Serialized files (Serialized files now loaded: 0)
System memory in use before: 139.0 MB.
System memory in use after: 139.1 MB.

Unloading 14 unused Assets to reduce memory usage. Loaded Objects now: 3784.
Total: 2.002400 ms (FindLiveObjects: 0.242600 ms CreateObjectMapping: 0.083100 ms MarkObjects: 1.596200 ms  DeleteObjects: 0.079600 ms)

========================================================================
Received Prepare
Registering precompiled user dll's ...
Registered in 0.001177 seconds.
Begin MonoManager ReloadAssembly
Native extension for WindowsStandalone target not found
Refreshing native plugins compatible for Editor in 0.82 ms, found 1 plugins.
Preloading 0 native plugins for Editor in 0.00 ms.
Mono: successfully reloaded assembly
- Completed reload, in  0.676 seconds
Platform modules already initialized, skipping
Shader 'Universal Render Pipeline/Particles/Lit': fallback shader 'Universal Render Pipeline/Particles/SimpleLit' not found
Refreshing native plugins compatible for Editor in 0.61 ms, found 1 plugins.
Preloading 0 native plugins for Editor in 0.00 ms.
Unloading 3152 Unused Serialized files (Serialized files now loaded: 0)
System memory in use before: 139.0 MB.
System memory in use after: 139.1 MB.

Unloading 14 unused Assets to reduce memory usage. Loaded Objects now: 3788.
Total: 2.127400 ms (FindLiveObjects: 0.258600 ms CreateObjectMapping: 0.097400 ms MarkObjects: 1.678500 ms  DeleteObjects: 0.092000 ms)

========================================================================
Received Prepare
Registering precompiled user dll's ...
Registered in 0.001206 seconds.
Begin MonoManager ReloadAssembly
Native extension for WindowsStandalone target not found
Refreshing native plugins compatible for Editor in 0.57 ms, found 1 plugins.
Preloading 0 native plugins for Editor in 0.00 ms.
Mono: successfully reloaded assembly
- Completed reload, in  0.640 seconds
Platform modules already initialized, skipping
Shader 'Universal Render Pipeline/Particles/Lit': fallback shader 'Universal Render Pipeline/Particles/SimpleLit' not found
Refreshing native plugins compatible for Editor in 0.56 ms, found 1 plugins.
Preloading 0 native plugins for Editor in 0.00 ms.
Unloading 3152 Unused Serialized files (Serialized files now loaded: 0)
System memory in use before: 139.0 MB.
System memory in use after: 139.1 MB.

Unloading 14 unused Assets to reduce memory usage. Loaded Objects now: 3792.
Total: 2.205900 ms (FindLiveObjects: 0.290500 ms CreateObjectMapping: 0.067100 ms MarkObjects: 1.763700 ms  DeleteObjects: 0.083700 ms)

========================================================================
Received Prepare
Registering precompiled user dll's ...
Registered in 0.001155 seconds.
Begin MonoManager ReloadAssembly
Native extension for WindowsStandalone target not found
Refreshing native plugins compatible for Editor in 0.56 ms, found 1 plugins.
Preloading 0 native plugins for Editor in 0.00 ms.
Mono: successfully reloaded assembly
- Completed reload, in  0.641 seconds
Platform modules already initialized, skipping
Shader 'Universal Render Pipeline/Particles/Lit': fallback shader 'Universal Render Pipeline/Particles/SimpleLit' not found
Refreshing native plugins compatible for Editor in 0.57 ms, found 1 plugins.
Preloading 0 native plugins for Editor in 0.00 ms.
Unloading 3152 Unused Serialized files (Serialized files now loaded: 0)
System memory in use before: 139.0 MB.
System memory in use after: 139.1 MB.

Unloading 14 unused Assets to reduce memory usage. Loaded Objects now: 3796.
Total: 2.209500 ms (FindLiveObjects: 0.262400 ms CreateObjectMapping: 0.081800 ms MarkObjects: 1.765200 ms  DeleteObjects: 0.099400 ms)

========================================================================
Received Prepare
Registering precompiled user dll's ...
Registered in 0.001126 seconds.
Begin MonoManager ReloadAssembly
Native extension for WindowsStandalone target not found
Refreshing native plugins compatible for Editor in 0.68 ms, found 1 plugins.
Preloading 0 native plugins for Editor in 0.00 ms.
Mono: successfully reloaded assembly
- Completed reload, in  0.680 seconds
Platform modules already initialized, skipping
Shader 'Universal Render Pipeline/Particles/Lit': fallback shader 'Universal Render Pipeline/Particles/SimpleLit' not found
Refreshing native plugins compatible for Editor in 0.57 ms, found 1 plugins.
Preloading 0 native plugins for Editor in 0.00 ms.
Unloading 3152 Unused Serialized files (Serialized files now loaded: 0)
System memory in use before: 139.0 MB.
System memory in use after: 139.1 MB.

Unloading 14 unused Assets to reduce memory usage. Loaded Objects now: 3800.
Total: 2.373800 ms (FindLiveObjects: 0.375000 ms CreateObjectMapping: 0.135800 ms MarkObjects: 1.759700 ms  DeleteObjects: 0.102400 ms)

========================================================================
Received Prepare
Registering precompiled user dll's ...
Registered in 0.001168 seconds.
Begin MonoManager ReloadAssembly
Native extension for WindowsStandalone target not found
Refreshing native plugins compatible for Editor in 0.56 ms, found 1 plugins.
Preloading 0 native plugins for Editor in 0.00 ms.
Mono: successfully reloaded assembly
- Completed reload, in  0.645 seconds
Platform modules already initialized, skipping
Shader 'Universal Render Pipeline/Particles/Lit': fallback shader 'Universal Render Pipeline/Particles/SimpleLit' not found
Refreshing native plugins compatible for Editor in 0.59 ms, found 1 plugins.
Preloading 0 native plugins for Editor in 0.00 ms.
Unloading 3152 Unused Serialized files (Serialized files now loaded: 0)
System memory in use before: 139.0 MB.
System memory in use after: 139.1 MB.

Unloading 14 unused Assets to reduce memory usage. Loaded Objects now: 3804.
Total: 2.327400 ms (FindLiveObjects: 0.333600 ms CreateObjectMapping: 0.086900 ms MarkObjects: 1.793600 ms  DeleteObjects: 0.109000 ms)

========================================================================
Received Prepare
Registering precompiled user dll's ...
Registered in 0.001165 seconds.
Begin MonoManager ReloadAssembly
Native extension for WindowsStandalone target not found
Refreshing native plugins compatible for Editor in 0.57 ms, found 1 plugins.
Preloading 0 native plugins for Editor in 0.00 ms.
Mono: successfully reloaded assembly
- Completed reload, in  0.660 seconds
Platform modules already initialized, skipping
Shader 'Universal Render Pipeline/Particles/Lit': fallback shader 'Universal Render Pipeline/Particles/SimpleLit' not found
Refreshing native plugins compatible for Editor in 0.57 ms, found 1 plugins.
Preloading 0 native plugins for Editor in 0.00 ms.
Unloading 3152 Unused Serialized files (Serialized files now loaded: 0)
System memory in use before: 139.0 MB.
System memory in use after: 139.1 MB.

Unloading 14 unused Assets to reduce memory usage. Loaded Objects now: 3808.
Total: 2.146800 ms (FindLiveObjects: 0.374600 ms CreateObjectMapping: 0.088200 ms MarkObjects: 1.584600 ms  DeleteObjects: 0.098500 ms)

========================================================================
Received Prepare
Registering precompiled user dll's ...
Registered in 0.001462 seconds.
Begin MonoManager ReloadAssembly
Native extension for WindowsStandalone target not found
Refreshing native plugins compatible for Editor in 0.58 ms, found 1 plugins.
Preloading 0 native plugins for Editor in 0.00 ms.
Mono: successfully reloaded assembly
- Completed reload, in  0.631 seconds
Platform modules already initialized, skipping
Shader 'Universal Render Pipeline/Particles/Lit': fallback shader 'Universal Render Pipeline/Particles/SimpleLit' not found
Refreshing native plugins compatible for Editor in 0.56 ms, found 1 plugins.
Preloading 0 native plugins for Editor in 0.00 ms.
Unloading 3152 Unused Serialized files (Serialized files now loaded: 0)
System memory in use before: 139.1 MB.
System memory in use after: 139.2 MB.

Unloading 14 unused Assets to reduce memory usage. Loaded Objects now: 3812.
Total: 2.291500 ms (FindLiveObjects: 0.398100 ms CreateObjectMapping: 0.085800 ms MarkObjects: 1.724700 ms  DeleteObjects: 0.082100 ms)

========================================================================
Received Prepare
Registering precompiled user dll's ...
Registered in 0.001118 seconds.
Begin MonoManager ReloadAssembly
Native extension for WindowsStandalone target not found
Refreshing native plugins compatible for Editor in 0.59 ms, found 1 plugins.
Preloading 0 native plugins for Editor in 0.00 ms.
Mono: successfully reloaded assembly
- Completed reload, in  0.683 seconds
Platform modules already initialized, skipping
Shader 'Universal Render Pipeline/Particles/Lit': fallback shader 'Universal Render Pipeline/Particles/SimpleLit' not found
Refreshing native plugins compatible for Editor in 0.57 ms, found 1 plugins.
Preloading 0 native plugins for Editor in 0.00 ms.
Unloading 3152 Unused Serialized files (Serialized files now loaded: 0)
System memory in use before: 139.1 MB.
System memory in use after: 139.2 MB.

Unloading 14 unused Assets to reduce memory usage. Loaded Objects now: 3816.
Total: 2.521500 ms (FindLiveObjects: 0.404700 ms CreateObjectMapping: 0.102200 ms MarkObjects: 1.894700 ms  DeleteObjects: 0.119200 ms)

========================================================================
Received Prepare
Registering precompiled user dll's ...
Registered in 0.001122 seconds.
Begin MonoManager ReloadAssembly
Native extension for WindowsStandalone target not found
Refreshing native plugins compatible for Editor in 0.59 ms, found 1 plugins.
Preloading 0 native plugins for Editor in 0.00 ms.
Mono: successfully reloaded assembly
- Completed reload, in  0.673 seconds
Platform modules already initialized, skipping
Shader 'Universal Render Pipeline/Particles/Lit': fallback shader 'Universal Render Pipeline/Particles/SimpleLit' not found
Refreshing native plugins compatible for Editor in 0.56 ms, found 1 plugins.
Preloading 0 native plugins for Editor in 0.00 ms.
Unloading 3152 Unused Serialized files (Serialized files now loaded: 0)
System memory in use before: 139.1 MB.
System memory in use after: 139.2 MB.

Unloading 14 unused Assets to reduce memory usage. Loaded Objects now: 3820.
Total: 2.538000 ms (FindLiveObjects: 0.427000 ms CreateObjectMapping: 0.140900 ms MarkObjects: 1.865000 ms  DeleteObjects: 0.104200 ms)

========================================================================
Received Prepare
Registering precompiled user dll's ...
Registered in 0.001114 seconds.
Begin MonoManager ReloadAssembly
Native extension for WindowsStandalone target not found
Refreshing native plugins compatible for Editor in 0.63 ms, found 1 plugins.
Preloading 0 native plugins for Editor in 0.00 ms.
Mono: successfully reloaded assembly
- Completed reload, in  0.682 seconds
Platform modules already initialized, skipping
Shader 'Universal Render Pipeline/Particles/Lit': fallback shader 'Universal Render Pipeline/Particles/SimpleLit' not found
Refreshing native plugins compatible for Editor in 0.59 ms, found 1 plugins.
Preloading 0 native plugins for Editor in 0.00 ms.
Unloading 3152 Unused Serialized files (Serialized files now loaded: 0)
System memory in use before: 139.1 MB.
System memory in use after: 139.2 MB.

Unloading 14 unused Assets to reduce memory usage. Loaded Objects now: 3824.
Total: 2.403000 ms (FindLiveObjects: 0.363200 ms CreateObjectMapping: 0.095100 ms MarkObjects: 1.813600 ms  DeleteObjects: 0.130300 ms)

========================================================================
Received Prepare
Registering precompiled user dll's ...
Registered in 0.001105 seconds.
Begin MonoManager ReloadAssembly
Native extension for WindowsStandalone target not found
Refreshing native plugins compatible for Editor in 0.57 ms, found 1 plugins.
Preloading 0 native plugins for Editor in 0.00 ms.
Mono: successfully reloaded assembly
- Completed reload, in  0.678 seconds
Platform modules already initialized, skipping
Shader 'Universal Render Pipeline/Particles/Lit': fallback shader 'Universal Render Pipeline/Particles/SimpleLit' not found
Refreshing native plugins compatible for Editor in 0.59 ms, found 1 plugins.
Preloading 0 native plugins for Editor in 0.00 ms.
Unloading 3152 Unused Serialized files (Serialized files now loaded: 0)
System memory in use before: 139.1 MB.
System memory in use after: 139.2 MB.

Unloading 14 unused Assets to reduce memory usage. Loaded Objects now: 3828.
Total: 2.121900 ms (FindLiveObjects: 0.293300 ms CreateObjectMapping: 0.093700 ms MarkObjects: 1.623800 ms  DeleteObjects: 0.110400 ms)

========================================================================
Received Import Request.
  Time since last request: 1382.408661 seconds.
  path: Assets/Player/Knight/Knight_Ladder.anim
  artifactKey: Guid(0c2e02ecc67d38a4db35cf60c4cf1804) Importer(815301076,1909f56bfc062723c751e8b465ee728b)
Start importing Assets/Player/Knight/Knight_Ladder.anim using Guid(0c2e02ecc67d38a4db35cf60c4cf1804) Importer(815301076,1909f56bfc062723c751e8b465ee728b)  -> (artifact id: '29c168b0688c97a1cd926fa8a9bcabd5') in 0.015810 seconds
  Import took 0.021854 seconds .

========================================================================
Received Prepare
Registering precompiled user dll's ...
Registered in 0.001288 seconds.
Begin MonoManager ReloadAssembly
Native extension for WindowsStandalone target not found
Refreshing native plugins compatible for Editor in 0.59 ms, found 1 plugins.
Preloading 0 native plugins for Editor in 0.00 ms.
Mono: successfully reloaded assembly
- Completed reload, in  0.616 seconds
Platform modules already initialized, skipping
Shader 'Universal Render Pipeline/Particles/Lit': fallback shader 'Universal Render Pipeline/Particles/SimpleLit' not found
Refreshing native plugins compatible for Editor in 0.56 ms, found 1 plugins.
Preloading 0 native plugins for Editor in 0.00 ms.
Unloading 3152 Unused Serialized files (Serialized files now loaded: 0)
System memory in use before: 139.1 MB.
System memory in use after: 139.2 MB.

Unloading 14 unused Assets to reduce memory usage. Loaded Objects now: 3832.
Total: 2.040900 ms (FindLiveObjects: 0.252900 ms CreateObjectMapping: 0.100800 ms MarkObjects: 1.610200 ms  DeleteObjects: 0.076400 ms)

========================================================================
Received Prepare
Registering precompiled user dll's ...
Registered in 0.001086 seconds.
Begin MonoManager ReloadAssembly
Native extension for WindowsStandalone target not found
Refreshing native plugins compatible for Editor in 0.57 ms, found 1 plugins.
Preloading 0 native plugins for Editor in 0.00 ms.
Mono: successfully reloaded assembly
- Completed reload, in  0.619 seconds
Platform modules already initialized, skipping
Shader 'Universal Render Pipeline/Particles/Lit': fallback shader 'Universal Render Pipeline/Particles/SimpleLit' not found
Refreshing native plugins compatible for Editor in 0.58 ms, found 1 plugins.
Preloading 0 native plugins for Editor in 0.00 ms.
Unloading 3152 Unused Serialized files (Serialized files now loaded: 0)
System memory in use before: 139.1 MB.
System memory in use after: 139.2 MB.

Unloading 14 unused Assets to reduce memory usage. Loaded Objects now: 3836.
Total: 2.304500 ms (FindLiveObjects: 0.321600 ms CreateObjectMapping: 0.119500 ms MarkObjects: 1.760300 ms  DeleteObjects: 0.102200 ms)

========================================================================
Received Prepare
Registering precompiled user dll's ...
Registered in 0.001179 seconds.
Begin MonoManager ReloadAssembly
Native extension for WindowsStandalone target not found
Refreshing native plugins compatible for Editor in 0.57 ms, found 1 plugins.
Preloading 0 native plugins for Editor in 0.00 ms.
Mono: successfully reloaded assembly
- Completed reload, in  0.639 seconds
Platform modules already initialized, skipping
Shader 'Universal Render Pipeline/Particles/Lit': fallback shader 'Universal Render Pipeline/Particles/SimpleLit' not found
Refreshing native plugins compatible for Editor in 0.56 ms, found 1 plugins.
Preloading 0 native plugins for Editor in 0.00 ms.
Unloading 3152 Unused Serialized files (Serialized files now loaded: 0)
System memory in use before: 139.1 MB.
System memory in use after: 139.2 MB.

Unloading 14 unused Assets to reduce memory usage. Loaded Objects now: 3840.
Total: 2.080200 ms (FindLiveObjects: 0.282300 ms CreateObjectMapping: 0.083400 ms MarkObjects: 1.634000 ms  DeleteObjects: 0.079800 ms)

========================================================================
Received Prepare
Registering precompiled user dll's ...
Registered in 0.001099 seconds.
Begin MonoManager ReloadAssembly
Native extension for WindowsStandalone target not found
Refreshing native plugins compatible for Editor in 0.56 ms, found 1 plugins.
Preloading 0 native plugins for Editor in 0.00 ms.
Mono: successfully reloaded assembly
- Completed reload, in  0.623 seconds
Platform modules already initialized, skipping
Shader 'Universal Render Pipeline/Particles/Lit': fallback shader 'Universal Render Pipeline/Particles/SimpleLit' not found
Refreshing native plugins compatible for Editor in 0.58 ms, found 1 plugins.
Preloading 0 native plugins for Editor in 0.00 ms.
Unloading 3152 Unused Serialized files (Serialized files now loaded: 0)
System memory in use before: 139.1 MB.
System memory in use after: 139.2 MB.

Unloading 14 unused Assets to reduce memory usage. Loaded Objects now: 3844.
Total: 2.078400 ms (FindLiveObjects: 0.238900 ms CreateObjectMapping: 0.082400 ms MarkObjects: 1.675800 ms  DeleteObjects: 0.080500 ms)

========================================================================
Received Prepare
Registering precompiled user dll's ...
Registered in 0.001132 seconds.
Begin MonoManager ReloadAssembly
Native extension for WindowsStandalone target not found
Refreshing native plugins compatible for Editor in 0.72 ms, found 1 plugins.
Preloading 0 native plugins for Editor in 0.00 ms.
Mono: successfully reloaded assembly
- Completed reload, in  0.620 seconds
Platform modules already initialized, skipping
Shader 'Universal Render Pipeline/Particles/Lit': fallback shader 'Universal Render Pipeline/Particles/SimpleLit' not found
Refreshing native plugins compatible for Editor in 0.59 ms, found 1 plugins.
Preloading 0 native plugins for Editor in 0.00 ms.
Unloading 3152 Unused Serialized files (Serialized files now loaded: 0)
System memory in use before: 139.1 MB.
System memory in use after: 139.2 MB.

Unloading 14 unused Assets to reduce memory usage. Loaded Objects now: 3848.
Total: 2.095100 ms (FindLiveObjects: 0.276900 ms CreateObjectMapping: 0.083000 ms MarkObjects: 1.657700 ms  DeleteObjects: 0.076800 ms)

========================================================================
Received Prepare
Registering precompiled user dll's ...
Registered in 0.001099 seconds.
Begin MonoManager ReloadAssembly
Native extension for WindowsStandalone target not found
Refreshing native plugins compatible for Editor in 0.56 ms, found 1 plugins.
Preloading 0 native plugins for Editor in 0.00 ms.
Mono: successfully reloaded assembly
- Completed reload, in  0.616 seconds
Platform modules already initialized, skipping
Shader 'Universal Render Pipeline/Particles/Lit': fallback shader 'Universal Render Pipeline/Particles/SimpleLit' not found
Refreshing native plugins compatible for Editor in 0.57 ms, found 1 plugins.
Preloading 0 native plugins for Editor in 0.00 ms.
Unloading 3152 Unused Serialized files (Serialized files now loaded: 0)
System memory in use before: 139.1 MB.
System memory in use after: 139.2 MB.

Unloading 14 unused Assets to reduce memory usage. Loaded Objects now: 3852.
Total: 2.371600 ms (FindLiveObjects: 0.332200 ms CreateObjectMapping: 0.131600 ms MarkObjects: 1.770800 ms  DeleteObjects: 0.135800 ms)

========================================================================
Received Prepare
Registering precompiled user dll's ...
Registered in 0.001656 seconds.
Begin MonoManager ReloadAssembly
Native extension for WindowsStandalone target not found
Refreshing native plugins compatible for Editor in 0.58 ms, found 1 plugins.
Preloading 0 native plugins for Editor in 0.00 ms.
Mono: successfully reloaded assembly
- Completed reload, in  0.646 seconds
Platform modules already initialized, skipping
Shader 'Universal Render Pipeline/Particles/Lit': fallback shader 'Universal Render Pipeline/Particles/SimpleLit' not found
Refreshing native plugins compatible for Editor in 0.56 ms, found 1 plugins.
Preloading 0 native plugins for Editor in 0.00 ms.
Unloading 3152 Unused Serialized files (Serialized files now loaded: 0)
System memory in use before: 139.2 MB.
System memory in use after: 139.3 MB.

Unloading 14 unused Assets to reduce memory usage. Loaded Objects now: 3856.
Total: 2.113600 ms (FindLiveObjects: 0.239700 ms CreateObjectMapping: 0.102300 ms MarkObjects: 1.693400 ms  DeleteObjects: 0.077600 ms)

========================================================================
Received Prepare
Registering precompiled user dll's ...
Registered in 0.001091 seconds.
Begin MonoManager ReloadAssembly
Native extension for WindowsStandalone target not found
Refreshing native plugins compatible for Editor in 0.59 ms, found 1 plugins.
Preloading 0 native plugins for Editor in 0.00 ms.
Mono: successfully reloaded assembly
- Completed reload, in  0.619 seconds
Platform modules already initialized, skipping
Shader 'Universal Render Pipeline/Particles/Lit': fallback shader 'Universal Render Pipeline/Particles/SimpleLit' not found
Refreshing native plugins compatible for Editor in 0.56 ms, found 1 plugins.
Preloading 0 native plugins for Editor in 0.00 ms.
Unloading 3152 Unused Serialized files (Serialized files now loaded: 0)
System memory in use before: 139.3 MB.
System memory in use after: 139.3 MB.

Unloading 14 unused Assets to reduce memory usage. Loaded Objects now: 3860.
Total: 1.972400 ms (FindLiveObjects: 0.263100 ms CreateObjectMapping: 0.066500 ms MarkObjects: 1.565200 ms  DeleteObjects: 0.076600 ms)

========================================================================
Received Prepare
Registering precompiled user dll's ...
Registered in 0.001106 seconds.
Begin MonoManager ReloadAssembly
Native extension for WindowsStandalone target not found
Refreshing native plugins compatible for Editor in 0.56 ms, found 1 plugins.
Preloading 0 native plugins for Editor in 0.00 ms.
Mono: successfully reloaded assembly
- Completed reload, in  0.624 seconds
Platform modules already initialized, skipping
Shader 'Universal Render Pipeline/Particles/Lit': fallback shader 'Universal Render Pipeline/Particles/SimpleLit' not found
Refreshing native plugins compatible for Editor in 0.56 ms, found 1 plugins.
Preloading 0 native plugins for Editor in 0.00 ms.
Unloading 3152 Unused Serialized files (Serialized files now loaded: 0)
System memory in use before: 139.3 MB.
System memory in use after: 139.4 MB.

Unloading 14 unused Assets to reduce memory usage. Loaded Objects now: 3864.
Total: 2.422100 ms (FindLiveObjects: 0.265700 ms CreateObjectMapping: 0.082900 ms MarkObjects: 1.968100 ms  DeleteObjects: 0.104600 ms)

========================================================================
Received Prepare
Registering precompiled user dll's ...
Registered in 0.001137 seconds.
Begin MonoManager ReloadAssembly
Native extension for WindowsStandalone target not found
Refreshing native plugins compatible for Editor in 0.55 ms, found 1 plugins.
Preloading 0 native plugins for Editor in 0.00 ms.
Mono: successfully reloaded assembly
- Completed reload, in  0.641 seconds
Platform modules already initialized, skipping
Shader 'Universal Render Pipeline/Particles/Lit': fallback shader 'Universal Render Pipeline/Particles/SimpleLit' not found
Refreshing native plugins compatible for Editor in 0.56 ms, found 1 plugins.
Preloading 0 native plugins for Editor in 0.00 ms.
Unloading 3152 Unused Serialized files (Serialized files now loaded: 0)
System memory in use before: 139.3 MB.
System memory in use after: 139.4 MB.

Unloading 14 unused Assets to reduce memory usage. Loaded Objects now: 3868.
Total: 3.030800 ms (FindLiveObjects: 0.322800 ms CreateObjectMapping: 0.083900 ms MarkObjects: 2.481200 ms  DeleteObjects: 0.141800 ms)

========================================================================
Received Prepare
Registering precompiled user dll's ...
Registered in 0.001066 seconds.
Begin MonoManager ReloadAssembly
Native extension for WindowsStandalone target not found
Refreshing native plugins compatible for Editor in 0.59 ms, found 1 plugins.
Preloading 0 native plugins for Editor in 0.00 ms.
Mono: successfully reloaded assembly
- Completed reload, in  0.626 seconds
Platform modules already initialized, skipping
Shader 'Universal Render Pipeline/Particles/Lit': fallback shader 'Universal Render Pipeline/Particles/SimpleLit' not found
Refreshing native plugins compatible for Editor in 0.56 ms, found 1 plugins.
Preloading 0 native plugins for Editor in 0.00 ms.
Unloading 3152 Unused Serialized files (Serialized files now loaded: 0)
System memory in use before: 139.3 MB.
System memory in use after: 139.4 MB.

Unloading 14 unused Assets to reduce memory usage. Loaded Objects now: 3872.
Total: 2.037300 ms (FindLiveObjects: 0.290600 ms CreateObjectMapping: 0.089500 ms MarkObjects: 1.550400 ms  DeleteObjects: 0.106000 ms)

========================================================================
Received Prepare
Registering precompiled user dll's ...
Registered in 0.001053 seconds.
Begin MonoManager ReloadAssembly
Native extension for WindowsStandalone target not found
Refreshing native plugins compatible for Editor in 0.98 ms, found 1 plugins.
Preloading 0 native plugins for Editor in 0.00 ms.
Mono: successfully reloaded assembly
- Completed reload, in  0.635 seconds
Platform modules already initialized, skipping
Shader 'Universal Render Pipeline/Particles/Lit': fallback shader 'Universal Render Pipeline/Particles/SimpleLit' not found
Refreshing native plugins compatible for Editor in 0.66 ms, found 1 plugins.
Preloading 0 native plugins for Editor in 0.00 ms.
Unloading 3152 Unused Serialized files (Serialized files now loaded: 0)
System memory in use before: 139.3 MB.
System memory in use after: 139.4 MB.

Unloading 14 unused Assets to reduce memory usage. Loaded Objects now: 3876.
Total: 2.540000 ms (FindLiveObjects: 0.318600 ms CreateObjectMapping: 0.154500 ms MarkObjects: 1.938200 ms  DeleteObjects: 0.127600 ms)

AssetImportWorkerClient::OnTransportError - code=2 error=End of file
